Case 1:
8746
5060
7189
6757
6542
1
1
1
1
1
9401
6389
1
9336
9773
9667
1
1
1
8110
1
1
5931
1
1
9064
5568
1
1
1
8301
8816
1
9988
9626
7759
9822
1
9445
7306
9703
1
1
9939
7431
9132
1
8195
1
10019
1
9547
1
1
0
1
1
8611
9912
8993
1
9185
9875
1
1
1
Case 2:
0
1
1
1
1
0
1
1
1
0
1
1
1
1
0
1
1
1
1
0
1
1
1
1
1
1
1
1
0
1
1
1
0
1
1
0
1
1
1
1
1
1
1
1
1
1
0
0
0
1
1
Case 3:
0
0
0
0
0
0
0
0
0
0
0
0
0
0
0
0
0
0
0
0
0
0
0
0
0
0
0
0
0
0
0
0
0
0
0
0
0
0
0
0
0
0
0
0
0
Case 4:
635
635
625
635
635
635
635
0
635
635
635
635
635
635
634
635
605
635
634
3
635
472
635
635
634
635
536
634
635
635
631
635
635
634
635
635
635
635
635
635
635
635
1
635
635
632
635
597
635
635
635
629
634
635
635
635
635
635
5
635
634
634
635
635
635
635
635
635
634
635
634
635
635
635
Case 5:
1
1
1
1
1
1
1
1
1
1
1
1
1
0
0
1
1
1
Case 6:
0
0
0
0
0
0
0
0
0
0
0
0
0
0
0
0
0
0
0
0
0
0
0
0
0
0
0
0
0
0
0
Case 7:
18
0
1
1
1
0
0
1
1
7
1
7
0
1
0
0
7
18
1
1
1
1
1
1
1
1
1
1
1
1
18
1
0
1
8
1
1
0
1
8
1
19
1
0
1
1
1
1
1
1
1
1
0
1
1
18
1
1
7
1
Case 8:
0
0
0
0
0
0
0
0
0
0
0
0
0
0
0
0
0
0
0
0
0
0
0
0
0
0
0
0
0
0
0
0
0
0
0
0
0
0
0
0
0
0
Case 9:
0
0
0
0
0
0
0
0
0
0
0
0
0
0
0
0
0
0
0
0
0
0
0
0
0
0
0
0
0
0
0
0
0
0
0
0
0
0
0
0
0
0
0
0
0
0
0
0
0
0
0
0
0
0
0
0
0
0
0
0
0
0
0
0
0
0
0
0
0
0
0
0
0
0
0
0
0
0
0
0
0
0
0
0
0
0
0
0
0
0
0
0
0
0
0
0
0
0
0
0
0
Case 10:
0
